# JRE version: OpenJDK Runtime Environment (8.0_242-b01) (build 1.8.0_242-release-1644-b01)
# Java VM: OpenJDK 64-Bit Server VM (25.242-b01 mixed mode windows-amd64 compressed oops)
Heap:
 PSYoungGen      total 88576K, used 17326K [0x00000000d5580000, 0x00000000dc700000, 0x0000000100000000)
  eden space 77824K, 15% used [0x00000000d5580000,0x00000000d611e778,0x00000000da180000)
  from space 10752K, 50% used [0x00000000da180000,0x00000000da6cd208,0x00000000dac00000)
  to   space 10752K, 0% used [0x00000000dac00000,0x00000000dac00000,0x00000000db680000)
 ParOldGen       total 45056K, used 13265K [0x0000000080000000, 0x0000000082c00000, 0x00000000d5580000)
  object space 45056K, 29% used [0x0000000080000000,0x0000000080cf4458,0x0000000082c00000)
 Metaspace       used 36948K, capacity 38504K, committed 38696K, reserved 1083392K
  class space    used 5089K, capacity 5423K, committed 5424K, reserved 1048576K
GC Heap History (10 events):
Event: 9.048 GC heap before
{Heap before GC invocations=11 (full 1):
 PSYoungGen      total 56320K, used 52109K [0x00000000d5580000, 0x00000000da300000, 0x0000000100000000)
  eden space 47104K, 100% used [0x00000000d5580000,0x00000000d8380000,0x00000000d8380000)
  from space 9216K, 54% used [0x00000000d8380000,0x00000000d88637e8,0x00000000d8c80000)
  to   space 8704K, 0% used [0x00000000d9a80000,0x00000000d9a80000,0x00000000da300000)
 ParOldGen       total 45056K, used 6794K [0x0000000080000000, 0x0000000082c00000, 0x00000000d5580000)
  object space 45056K, 15% used [0x0000000080000000,0x00000000806a2be0,0x0000000082c00000)
 Metaspace       used 31184K, capacity 32130K, committed 32432K, reserved 1077248K
  class space    used 4222K, capacity 4434K, committed 4528K, reserved 1048576K
Event: 9.060 GC heap after
Heap after GC invocations=11 (full 1):
 PSYoungGen      total 69632K, used 7846K [0x00000000d5580000, 0x00000000da400000, 0x0000000100000000)
  eden space 60928K, 0% used [0x00000000d5580000,0x00000000d5580000,0x00000000d9100000)
  from space 8704K, 90% used [0x00000000d9a80000,0x00000000da229978,0x00000000da300000)
  to   space 9728K, 0% used [0x00000000d9100000,0x00000000d9100000,0x00000000d9a80000)
 ParOldGen       total 45056K, used 6802K [0x0000000080000000, 0x0000000082c00000, 0x00000000d5580000)
  object space 45056K, 15% used [0x0000000080000000,0x00000000806a4be0,0x0000000082c00000)
 Metaspace       used 31184K, capacity 32130K, committed 32432K, reserved 1077248K
  class space    used 4222K, capacity 4434K, committed 4528K, reserved 1048576K
}
Event: 10.778 GC heap before
{Heap before GC invocations=12 (full 1):
 PSYoungGen      total 69632K, used 68774K [0x00000000d5580000, 0x00000000da400000, 0x0000000100000000)
  eden space 60928K, 100% used [0x00000000d5580000,0x00000000d9100000,0x00000000d9100000)
  from space 8704K, 90% used [0x00000000d9a80000,0x00000000da229978,0x00000000da300000)
  to   space 9728K, 0% used [0x00000000d9100000,0x00000000d9100000,0x00000000d9a80000)
 ParOldGen       total 45056K, used 6802K [0x0000000080000000, 0x0000000082c00000, 0x00000000d5580000)
  object space 45056K, 15% used [0x0000000080000000,0x00000000806a4be0,0x0000000082c00000)
 Metaspace       used 34258K, capacity 35402K, committed 35496K, reserved 1079296K
  class space    used 4713K, capacity 5002K, committed 5040K, reserved 1048576K
Event: 10.794 GC heap after
Heap after GC invocations=12 (full 1):
 PSYoungGen      total 70656K, used 9488K [0x00000000d5580000, 0x00000000db680000, 0x0000000100000000)
  eden space 60928K, 0% used [0x00000000d5580000,0x00000000d5580000,0x00000000d9100000)
  from space 9728K, 97% used [0x00000000d9100000,0x00000000d9a44060,0x00000000d9a80000)
  to   space 10752K, 0% used [0x00000000dac00000,0x00000000dac00000,0x00000000db680000)
 ParOldGen       total 45056K, used 6810K [0x0000000080000000, 0x0000000082c00000, 0x00000000d5580000)
  object space 45056K, 15% used [0x0000000080000000,0x00000000806a6be0,0x0000000082c00000)
 Metaspace       used 34258K, capacity 35402K, committed 35496K, reserved 1079296K
  class space    used 4713K, capacity 5002K, committed 5040K, reserved 1048576K
}
Event: 10.802 GC heap before
{Heap before GC invocations=13 (full 1):
 PSYoungGen      total 70656K, used 10688K [0x00000000d5580000, 0x00000000db680000, 0x0000000100000000)
  eden space 60928K, 1% used [0x00000000d5580000,0x00000000d56ac198,0x00000000d9100000)
  from space 9728K, 97% used [0x00000000d9100000,0x00000000d9a44060,0x00000000d9a80000)
  to   space 10752K, 0% used [0x00000000dac00000,0x00000000dac00000,0x00000000db680000)
 ParOldGen       total 45056K, used 6810K [0x0000000080000000, 0x0000000082c00000, 0x00000000d5580000)
  object space 45056K, 15% used [0x0000000080000000,0x00000000806a6be0,0x0000000082c00000)
 Metaspace       used 34276K, capacity 35402K, committed 35496K, reserved 1079296K
  class space    used 4715K, capacity 5002K, committed 5040K, reserved 1048576K
Event: 10.815 GC heap after
Heap after GC invocations=13 (full 1):
 PSYoungGen      total 88576K, used 6784K [0x00000000d5580000, 0x00000000dc700000, 0x0000000100000000)
  eden space 77824K, 0% used [0x00000000d5580000,0x00000000d5580000,0x00000000da180000)
  from space 10752K, 63% used [0x00000000dac00000,0x00000000db2a0000,0x00000000db680000)
  to   space 10752K, 0% used [0x00000000da180000,0x00000000da180000,0x00000000dac00000)
 ParOldGen       total 45056K, used 6810K [0x0000000080000000, 0x0000000082c00000, 0x00000000d5580000)
  object space 45056K, 15% used [0x0000000080000000,0x00000000806a6be0,0x0000000082c00000)
 Metaspace       used 34276K, capacity 35402K, committed 35496K, reserved 1079296K
  class space    used 4715K, capacity 5002K, committed 5040K, reserved 1048576K
}
Event: 10.815 GC heap before
{Heap before GC invocations=14 (full 2):
 PSYoungGen      total 88576K, used 6784K [0x00000000d5580000, 0x00000000dc700000, 0x0000000100000000)
  eden space 77824K, 0% used [0x00000000d5580000,0x00000000d5580000,0x00000000da180000)
  from space 10752K, 63% used [0x00000000dac00000,0x00000000db2a0000,0x00000000db680000)
  to   space 10752K, 0% used [0x00000000da180000,0x00000000da180000,0x00000000dac00000)
 ParOldGen       total 45056K, used 6810K [0x0000000080000000, 0x0000000082c00000, 0x00000000d5580000)
  object space 45056K, 15% used [0x0000000080000000,0x00000000806a6be0,0x0000000082c00000)
 Metaspace       used 34276K, capacity 35402K, committed 35496K, reserved 1079296K
  class space    used 4715K, capacity 5002K, committed 5040K, reserved 1048576K
Event: 10.911 GC heap after
Heap after GC invocations=14 (full 2):
 PSYoungGen      total 88576K, used 0K [0x00000000d5580000, 0x00000000dc700000, 0x0000000100000000)
  eden space 77824K, 0% used [0x00000000d5580000,0x00000000d5580000,0x00000000da180000)
  from space 10752K, 0% used [0x00000000dac00000,0x00000000dac00000,0x00000000db680000)
  to   space 10752K, 0% used [0x00000000da180000,0x00000000da180000,0x00000000dac00000)
 ParOldGen       total 45056K, used 13257K [0x0000000080000000, 0x0000000082c00000, 0x00000000d5580000)
  object space 45056K, 29% used [0x0000000080000000,0x0000000080cf2458,0x0000000082c00000)
 Metaspace       used 34276K, capacity 35402K, committed 35496K, reserved 1079296K
  class space    used 4715K, capacity 5002K, committed 5040K, reserved 1048576K
}
Event: 15.697 GC heap before
{Heap before GC invocations=15 (full 2):
 PSYoungGen      total 88576K, used 77824K [0x00000000d5580000, 0x00000000dc700000, 0x0000000100000000)
  eden space 77824K, 100% used [0x00000000d5580000,0x00000000da180000,0x00000000da180000)
  from space 10752K, 0% used [0x00000000dac00000,0x00000000dac00000,0x00000000db680000)
  to   space 10752K, 0% used [0x00000000da180000,0x00000000da180000,0x00000000dac00000)
 ParOldGen       total 45056K, used 13257K [0x0000000080000000, 0x0000000082c00000, 0x00000000d5580000)
  object space 45056K, 29% used [0x0000000080000000,0x0000000080cf2458,0x0000000082c00000)
 Metaspace       used 36458K, capacity 37938K, committed 38184K, reserved 1081344K
  class space    used 5004K, capacity 5332K, committed 5424K, reserved 1048576K
Event: 15.706 GC heap after
Heap after GC invocations=15 (full 2):
 PSYoungGen      total 88576K, used 5428K [0x00000000d5580000, 0x00000000dc700000, 0x0000000100000000)
  eden space 77824K, 0% used [0x00000000d5580000,0x00000000d5580000,0x00000000da180000)
  from space 10752K, 50% used [0x00000000da180000,0x00000000da6cd208,0x00000000dac00000)
  to   space 10752K, 0% used [0x00000000dac00000,0x00000000dac00000,0x00000000db680000)
 ParOldGen       total 45056K, used 13265K [0x0000000080000000, 0x0000000082c00000, 0x00000000d5580000)
  object space 45056K, 29% used [0x0000000080000000,0x0000000080cf4458,0x0000000082c00000)
 Metaspace       used 36458K, capacity 37938K, committed 38184K, reserved 1081344K
  class space    used 5004K, capacity 5332K, committed 5424K, reserved 1048576K
}

